  [1m[35m (496.3ms)[0m  [1m[35mCREATE DATABASE "cats_development" ENCODING = 'unicode'[0m
  ↳ bin/rails:9
  [1m[35m (248.2ms)[0m  [1m[35mCREATE DATABASE "cats_test" ENCODING = 'unicode'[0m
  ↳ bin/rails:9
  [1m[35m (204.2ms)[0m  [1m[35mCREATE TABLE "schema_migrations" ("version" character varying NOT NULL PRIMARY KEY)[0m
  ↳ bin/rails:9
  [1m[35m (5.1ms)[0m  [1m[35mCREATE TABLE "ar_internal_metadata" ("key" character varying NOT NULL PRIMARY KEY, "value" character varying, "created_at" timestamp NOT NULL, "updated_at" timestamp NOT NULL)[0m
  ↳ bin/rails:9
  [1m[35m (47.6ms)[0m  [1m[34mSELECT pg_try_advisory_lock(782232805093510260)[0m
  ↳ bin/rails:9
  [1m[35m (1.8ms)[0m  [1m[34mSELECT "schema_migrations"."version" FROM "schema_migrations" ORDER BY "schema_migrations"."version" ASC[0m
  ↳ bin/rails:9
Migrating to CreateCats (20181113195448)
  [1m[35m (0.3ms)[0m  [1m[35mBEGIN[0m
  ↳ bin/rails:9
  [1m[35m (95.6ms)[0m  [1m[35mCREATE TABLE "cats" ("id" bigserial primary key, "birth_date" character varying NOT NULL, "color" character varying NOT NULL, "name" character varying NOT NULL, "sex" character varying(1) NOT NULL, "description" text NOT NULL, "created_at" timestamp NOT NULL, "updated_at" timestamp NOT NULL)[0m
  ↳ db/migrate/20181113195448_create_cats.rb:3
  [1m[35m (1.2ms)[0m  [1m[35mCREATE  INDEX  "index_cats_on_name" ON "cats"  ("name")[0m
  ↳ db/migrate/20181113195448_create_cats.rb:12
  [1m[36mActiveRecord::SchemaMigration Create (1.1ms)[0m  [1m[32mINSERT INTO "schema_migrations" ("version") VALUES ($1) RETURNING "version"[0m  [["version", "20181113195448"]]
  ↳ bin/rails:9
  [1m[35m (0.6ms)[0m  [1m[35mCOMMIT[0m
  ↳ bin/rails:9
  [1m[36mActiveRecord::InternalMetadata Load (22.3ms)[0m  [1m[34mSELECT  "ar_internal_metadata".* FROM "ar_internal_metadata" WHERE "ar_internal_metadata"."key" = $1 LIMIT $2[0m  [["key", "environment"], ["LIMIT", 1]]
  ↳ bin/rails:9
  [1m[35m (1.0ms)[0m  [1m[35mBEGIN[0m
  ↳ bin/rails:9
  [1m[36mActiveRecord::InternalMetadata Create (1.0ms)[0m  [1m[32mINSERT INTO "ar_internal_metadata" ("key", "value", "created_at", "updated_at") VALUES ($1, $2, $3, $4) RETURNING "key"[0m  [["key", "environment"], ["value", "development"], ["created_at", "2018-11-13 20:07:32.512645"], ["updated_at", "2018-11-13 20:07:32.512645"]]
  ↳ bin/rails:9
  [1m[35m (0.4ms)[0m  [1m[35mCOMMIT[0m
  ↳ bin/rails:9
  [1m[35m (0.3ms)[0m  [1m[34mSELECT pg_advisory_unlock(782232805093510260)[0m
  ↳ bin/rails:9
  [1m[35m (0.6ms)[0m  [1m[34mSELECT "schema_migrations"."version" FROM "schema_migrations" ORDER BY "schema_migrations"."version" ASC[0m
  ↳ bin/rails:9
Started GET "/users" for 127.0.0.1 at 2018-11-13 12:11:37 -0800
  [1m[35m (0.9ms)[0m  [1m[34mSELECT "schema_migrations"."version" FROM "schema_migrations" ORDER BY "schema_migrations"."version" ASC[0m
  ↳ /usr/local/var/rbenv/versions/2.5.0/lib/ruby/gems/2.5.0/gems/activerecord-5.2.1/lib/active_record/log_subscriber.rb:98
  
ActionController::RoutingError (No route matches [GET] "/users"):
  
actionpack (5.2.1) lib/action_dispatch/middleware/debug_exceptions.rb:65:in `call'
web-console (3.7.0) lib/web_console/middleware.rb:135:in `call_app'
web-console (3.7.0) lib/web_console/middleware.rb:30:in `block in call'
web-console (3.7.0) lib/web_console/middleware.rb:20:in `catch'
web-console (3.7.0) lib/web_console/middleware.rb:20:in `call'
actionpack (5.2.1) lib/action_dispatch/middleware/show_exceptions.rb:33:in `call'
railties (5.2.1) lib/rails/rack/logger.rb:38:in `call_app'
railties (5.2.1) lib/rails/rack/logger.rb:26:in `block in call'
activesupport (5.2.1) lib/active_support/tagged_logging.rb:71:in `block in tagged'
activesupport (5.2.1) lib/active_support/tagged_logging.rb:28:in `tagged'
activesupport (5.2.1) lib/active_support/tagged_logging.rb:71:in `tagged'
railties (5.2.1) lib/rails/rack/logger.rb:26:in `call'
sprockets-rails (3.2.1) lib/sprockets/rails/quiet_assets.rb:13:in `call'
actionpack (5.2.1) lib/action_dispatch/middleware/remote_ip.rb:81:in `call'
actionpack (5.2.1) lib/action_dispatch/middleware/request_id.rb:27:in `call'
rack (2.0.6) lib/rack/method_override.rb:22:in `call'
rack (2.0.6) lib/rack/runtime.rb:22:in `call'
activesupport (5.2.1) lib/active_support/cache/strategy/local_cache_middleware.rb:29:in `call'
actionpack (5.2.1) lib/action_dispatch/middleware/executor.rb:14:in `call'
actionpack (5.2.1) lib/action_dispatch/middleware/static.rb:127:in `call'
rack (2.0.6) lib/rack/sendfile.rb:111:in `call'
railties (5.2.1) lib/rails/engine.rb:524:in `call'
puma (3.12.0) lib/puma/configuration.rb:225:in `call'
puma (3.12.0) lib/puma/server.rb:658:in `handle_request'
puma (3.12.0) lib/puma/server.rb:472:in `process_client'
puma (3.12.0) lib/puma/server.rb:332:in `block in run'
puma (3.12.0) lib/puma/thread_pool.rb:133:in `block in spawn_thread'
Started GET "/" for 127.0.0.1 at 2018-11-13 12:11:39 -0800
Processing by Rails::WelcomeController#index as HTML
  Rendering /usr/local/var/rbenv/versions/2.5.0/lib/ruby/gems/2.5.0/gems/railties-5.2.1/lib/rails/templates/rails/welcome/index.html.erb
  Rendered /usr/local/var/rbenv/versions/2.5.0/lib/ruby/gems/2.5.0/gems/railties-5.2.1/lib/rails/templates/rails/welcome/index.html.erb (4.0ms)
Completed 200 OK in 19ms (Views: 10.0ms | ActiveRecord: 0.0ms)


Started GET "/cats" for 127.0.0.1 at 2018-11-13 12:11:43 -0800

LoadError - Unable to autoload constant CatsController, expected /Users/appacademy/Desktop/W4D2/cats/app/controllers/cats_controller.rb to define it:

Started POST "/__better_errors/f77c5c8f119bed02/variables" for 127.0.0.1 at 2018-11-13 12:11:44 -0800
  [1m[35m (11.6ms)[0m  [1m[34mSELECT "schema_migrations"."version" FROM "schema_migrations" ORDER BY "schema_migrations"."version" ASC[0m
  ↳ bin/rails:9
  [1m[35m (0.3ms)[0m  [1m[35mBEGIN[0m
  ↳ db/seeds.rb:9
  [1m[36mCat Create (8.7ms)[0m  [1m[32mINSERT INTO "cats" ("birth_date", "color", "name", "sex", "description", "created_at", "updated_at") VALUES ($1, $2, $3, $4, $5, $6, $7) RETURNING "id"[0m  [["birth_date", "05/08/17"], ["color", "orange"], ["name", "Kitten"], ["sex", "F"], ["description", "Most adorable orange kitten ever."], ["created_at", "2018-11-13 20:14:53.033837"], ["updated_at", "2018-11-13 20:14:53.033837"]]
  ↳ db/seeds.rb:9
  [1m[35m (13.9ms)[0m  [1m[35mCOMMIT[0m
  ↳ db/seeds.rb:9
  [1m[36mCat Load (1.1ms)[0m  [1m[34mSELECT "cats".* FROM "cats"[0m
Started GET "/cats" for 127.0.0.1 at 2018-11-13 12:16:24 -0800

LoadError - Unable to autoload constant CatsController, expected /Users/appacademy/Desktop/W4D2/cats/app/controllers/cats_controller.rb to define it:

Started POST "/__better_errors/3d9c0d7ef56d68f2/variables" for 127.0.0.1 at 2018-11-13 12:16:24 -0800
Started GET "/cats" for 127.0.0.1 at 2018-11-13 12:16:42 -0800

LoadError - Unable to autoload constant CatsController, expected /Users/appacademy/Desktop/W4D2/cats/app/controllers/cats_controller.rb to define it:

Started POST "/__better_errors/72d318a3c8e00675/variables" for 127.0.0.1 at 2018-11-13 12:16:42 -0800
Started GET "/cats" for 127.0.0.1 at 2018-11-13 12:17:20 -0800

LoadError - Unable to autoload constant CatsController, expected /Users/appacademy/Desktop/W4D2/cats/app/controllers/cats_controller.rb to define it:

Started GET "/cats" for 127.0.0.1 at 2018-11-13 12:17:55 -0800

LoadError - Unable to autoload constant CatsController, expected /Users/appacademy/Desktop/W4D2/cats/app/controllers/cats_controller.rb to define it:

Started GET "/cats" for 127.0.0.1 at 2018-11-13 12:18:11 -0800

LoadError - Unable to autoload constant CatsController, expected /Users/appacademy/Desktop/W4D2/cats/app/controllers/cats_controller.rb to define it:

Started GET "/cats" for 127.0.0.1 at 2018-11-13 12:19:15 -0800
Processing by CatsController#index as HTML
  Rendering cats/index.html.erb within layouts/application
  Rendered cats/index.html.erb within layouts/application (0.5ms)
Completed 200 OK in 552ms (Views: 544.6ms | ActiveRecord: 0.0ms)


Started GET "/cats" for 127.0.0.1 at 2018-11-13 12:19:26 -0800
Processing by CatsController#index as */*
  Rendering cats/index.html.erb within layouts/application
  Rendered cats/index.html.erb within layouts/application (0.4ms)
Completed 200 OK in 158ms (Views: 157.6ms | ActiveRecord: 0.0ms)


